android/app/build/intermediates/manifest_merge_blame_file/release/manifest-merger-blame-release-report.txt
1<?xml version="1.0" encoding="utf-8"?>
2<manifest xmlns:android="http://schemas.android.com/apk/res/android"
3    package="com.fromthefridge"
4    android:versionCode="1"
5    android:versionName="1.0" >
6
7    <uses-sdk
8        android:minSdkVersion="21"
8-->src/main/AndroidManifest.xml
9        android:targetSdkVersion="31" />
9-->src/main/AndroidManifest.xml
10
11    <uses-permission android:name="android.permission.INTERNET" />
11-->src/main/AndroidManifest.xml:4:5-67
11-->src/main/AndroidManifest.xml:4:22-64
12    <uses-permission android:name="android.permission.READ_EXTERNAL_STORAGE" />
12-->src/main/AndroidManifest.xml:5:5-79
12-->src/main/AndroidManifest.xml:5:22-77
13    <uses-permission android:name="android.permission.WRITE_EXTERNAL_STORAGE" />
13-->src/main/AndroidManifest.xml:6:5-80
13-->src/main/AndroidManifest.xml:6:22-78
14    <uses-permission android:name="android.permission.WAKE_LOCK" />
14-->[:react-native-firebase_auth] AndroidManifest.xml:10:5-68
14-->[:react-native-firebase_auth] AndroidManifest.xml:10:22-65
15    <uses-permission android:name="android.permission.ACCESS_NETWORK_STATE" />
15-->[:react-native-firebase_auth] AndroidManifest.xml:11:5-79
15-->[:react-native-firebase_auth] AndroidManifest.xml:11:22-76
16    <uses-permission android:name="com.google.android.gms.permission.AD_ID" />
16-->[com.facebook.android:facebook-core:13.2.0] AndroidManifest.xml:28:5-79
16-->[com.facebook.android:facebook-core:13.2.0] AndroidManifest.xml:28:22-76
17    <uses-permission android:name="com.google.android.finsky.permission.BIND_GET_INSTALL_REFERRER_SERVICE" />
17-->[com.android.installreferrer:installreferrer:1.0] AndroidManifest.xml:9:5-110
17-->[com.android.installreferrer:installreferrer:1.0] AndroidManifest.xml:9:22-107
18
19    <application
19-->src/main/AndroidManifest.xml:8:5-33:19
20        android:name="com.fromthefridge.MainApplication"
20-->src/main/AndroidManifest.xml:9:7-38
21        android:allowBackup="false"
21-->src/main/AndroidManifest.xml:13:7-34
22        android:appComponentFactory="androidx.core.app.CoreComponentFactory"
22-->[androidx.core:core:1.5.0] AndroidManifest.xml:24:18-86
23        android:icon="@mipmap/ic_launcher"
23-->src/main/AndroidManifest.xml:11:7-41
24        android:label="@string/app_name"
24-->src/main/AndroidManifest.xml:10:7-39
25        android:roundIcon="@mipmap/ic_launcher_round"
25-->src/main/AndroidManifest.xml:12:7-52
26        android:supportsRtl="true"
26-->[com.facebook.android:facebook-android-sdk:13.2.0] AndroidManifest.xml:28:18-44
27        android:theme="@style/AppTheme"
27-->src/main/AndroidManifest.xml:15:7-38
28        android:usesCleartextTraffic="true" >
28-->src/main/AndroidManifest.xml:14:7-42
29        <activity
29-->src/main/AndroidManifest.xml:17:7-29:18
30            android:name="com.fromthefridge.MainActivity"
30-->src/main/AndroidManifest.xml:18:9-37
31            android:configChanges="keyboard|keyboardHidden|orientation|screenSize|uiMode"
31-->src/main/AndroidManifest.xml:21:9-86
32            android:exported="true"
32-->src/main/AndroidManifest.xml:24:9-32
33            android:label="@string/app_name"
33-->src/main/AndroidManifest.xml:19:9-41
34            android:launchMode="singleTask"
34-->src/main/AndroidManifest.xml:22:9-40
35            android:screenOrientation="portrait"
35-->src/main/AndroidManifest.xml:20:9-45
36            android:windowSoftInputMode="adjustPan" >
36-->src/main/AndroidManifest.xml:23:9-48
37            <intent-filter>
37-->src/main/AndroidManifest.xml:25:9-28:25
38                <action android:name="android.intent.action.MAIN" />
38-->src/main/AndroidManifest.xml:26:13-65
38-->src/main/AndroidManifest.xml:26:21-62
39
40                <category android:name="android.intent.category.LAUNCHER" />
40-->src/main/AndroidManifest.xml:27:13-73
40-->src/main/AndroidManifest.xml:27:23-70
41            </intent-filter>
42        </activity>
43
44        <meta-data
44-->src/main/AndroidManifest.xml:30:7-105
45            android:name="com.facebook.sdk.ApplicationId"
45-->src/main/AndroidManifest.xml:30:18-63
46            android:value="@string/facebook_app_id" />
46-->src/main/AndroidManifest.xml:30:64-103
47        <meta-data
47-->src/main/AndroidManifest.xml:31:5-107
48            android:name="com.facebook.sdk.ClientToken"
48-->src/main/AndroidManifest.xml:31:16-59
49            android:value="@string/facebook_client_token" />
49-->src/main/AndroidManifest.xml:31:60-105
50
51        <activity android:name="com.facebook.react.devsupport.DevSettingsActivity" />
51-->src/main/AndroidManifest.xml:32:7-83
51-->src/main/AndroidManifest.xml:32:17-81
52
53        <meta-data
53-->[:react-native-firebase_app] AndroidManifest.xml:10:9-12:36
54            android:name="app_data_collection_default_enabled"
54-->[:react-native-firebase_app] AndroidManifest.xml:11:13-63
55            android:value="true" />
55-->[:react-native-firebase_app] AndroidManifest.xml:12:13-33
56
57        <service
57-->[:react-native-firebase_app] AndroidManifest.xml:14:9-18:19
58            android:name="com.google.firebase.components.ComponentDiscoveryService"
58-->[:react-native-firebase_app] AndroidManifest.xml:14:18-89
59            android:directBootAware="true"
59-->[com.google.firebase:firebase-common:20.1.1] AndroidManifest.xml:35:13-43
60            android:exported="false" >
60-->[com.google.firebase:firebase-auth:21.0.4] AndroidManifest.xml:66:13-37
61            <meta-data
61-->[:react-native-firebase_app] AndroidManifest.xml:15:13-17:85
62                android:name="com.google.firebase.components:io.invertase.firebase.app.ReactNativeFirebaseAppRegistrar"
62-->[:react-native-firebase_app] AndroidManifest.xml:16:17-120
63                android:value="com.google.firebase.components.ComponentRegistrar" />
63-->[:react-native-firebase_app] AndroidManifest.xml:17:17-82
64            <meta-data
64-->[com.google.firebase:firebase-auth:21.0.4] AndroidManifest.xml:67:13-69:85
65                android:name="com.google.firebase.components:com.google.firebase.auth.FirebaseAuthRegistrar"
65-->[com.google.firebase:firebase-auth:21.0.4] AndroidManifest.xml:68:17-109
66                android:value="com.google.firebase.components.ComponentRegistrar" />
66-->[com.google.firebase:firebase-auth:21.0.4] AndroidManifest.xml:69:17-82
67            <meta-data
67-->[com.google.firebase:firebase-firestore:24.1.2] AndroidManifest.xml:20:13-22:85
68                android:name="com.google.firebase.components:com.google.firebase.firestore.FirestoreRegistrar"
68-->[com.google.firebase:firebase-firestore:24.1.2] AndroidManifest.xml:21:17-111
69                android:value="com.google.firebase.components.ComponentRegistrar" />
69-->[com.google.firebase:firebase-firestore:24.1.2] AndroidManifest.xml:22:17-82
70            <meta-data
70-->[com.google.firebase:firebase-storage:20.0.1] AndroidManifest.xml:33:13-35:85
71                android:name="com.google.firebase.components:com.google.firebase.storage.StorageRegistrar"
71-->[com.google.firebase:firebase-storage:20.0.1] AndroidManifest.xml:34:17-107
72                android:value="com.google.firebase.components.ComponentRegistrar" />
72-->[com.google.firebase:firebase-storage:20.0.1] AndroidManifest.xml:35:17-82
73        </service>
74
75        <provider
75-->[:react-native-firebase_app] AndroidManifest.xml:20:9-24:38
76            android:name="io.invertase.firebase.app.ReactNativeFirebaseAppInitProvider"
76-->[:react-native-firebase_app] AndroidManifest.xml:21:13-88
77            android:authorities="com.fromthefridge.reactnativefirebaseappinitprovider"
77-->[:react-native-firebase_app] AndroidManifest.xml:22:13-86
78            android:exported="false"
78-->[:react-native-firebase_app] AndroidManifest.xml:23:13-37
79            android:initOrder="99" />
79-->[:react-native-firebase_app] AndroidManifest.xml:24:13-35
80
81        <activity
81-->[com.facebook.android:facebook-common:13.2.0] AndroidManifest.xml:30:9-33:66
82            android:name="com.facebook.FacebookActivity"
82-->[com.facebook.android:facebook-common:13.2.0] AndroidManifest.xml:31:13-57
83            android:configChanges="keyboard|keyboardHidden|screenLayout|screenSize|orientation"
83-->[com.facebook.android:facebook-common:13.2.0] AndroidManifest.xml:32:13-96
84            android:theme="@style/com_facebook_activity_theme" />
84-->[com.facebook.android:facebook-common:13.2.0] AndroidManifest.xml:33:13-63
85        <activity android:name="com.facebook.CustomTabMainActivity" />
85-->[com.facebook.android:facebook-common:13.2.0] AndroidManifest.xml:34:9-71
85-->[com.facebook.android:facebook-common:13.2.0] AndroidManifest.xml:34:19-68
86        <activity
86-->[com.facebook.android:facebook-common:13.2.0] AndroidManifest.xml:35:9-49:20
87            android:name="com.facebook.CustomTabActivity"
87-->[com.facebook.android:facebook-common:13.2.0] AndroidManifest.xml:36:13-58
88            android:exported="true" >
88-->[com.facebook.android:facebook-common:13.2.0] AndroidManifest.xml:37:13-36
89            <intent-filter>
89-->[com.facebook.android:facebook-common:13.2.0] AndroidManifest.xml:39:13-48:29
90                <action android:name="android.intent.action.VIEW" />
90-->[com.facebook.android:facebook-common:13.2.0] AndroidManifest.xml:40:17-69
90-->[com.facebook.android:facebook-common:13.2.0] AndroidManifest.xml:40:25-66
91
92                <category android:name="android.intent.category.DEFAULT" />
92-->[com.facebook.android:facebook-common:13.2.0] AndroidManifest.xml:42:17-76
92-->[com.facebook.android:facebook-common:13.2.0] AndroidManifest.xml:42:27-73
93                <category android:name="android.intent.category.BROWSABLE" />
93-->[com.facebook.android:facebook-common:13.2.0] AndroidManifest.xml:43:17-78
93-->[com.facebook.android:facebook-common:13.2.0] AndroidManifest.xml:43:27-75
94
95                <data
95-->[com.facebook.android:facebook-common:13.2.0] AndroidManifest.xml:45:17-47:50
96                    android:host="cct.com.fromthefridge"
96-->[com.facebook.android:facebook-common:13.2.0] AndroidManifest.xml:46:21-56
97                    android:scheme="fbconnect" />
97-->[com.facebook.android:facebook-common:13.2.0] AndroidManifest.xml:47:21-47
98            </intent-filter>
99        </activity>
100        <activity
100-->[com.google.firebase:firebase-auth:21.0.4] AndroidManifest.xml:27:9-44:20
101            android:name="com.google.firebase.auth.internal.GenericIdpActivity"
101-->[com.google.firebase:firebase-auth:21.0.4] AndroidManifest.xml:28:13-80
102            android:excludeFromRecents="true"
102-->[com.google.firebase:firebase-auth:21.0.4] AndroidManifest.xml:29:13-46
103            android:exported="true"
103-->[com.google.firebase:firebase-auth:21.0.4] AndroidManifest.xml:30:13-36
104            android:launchMode="singleTask"
104-->[com.google.firebase:firebase-auth:21.0.4] AndroidManifest.xml:31:13-44
105            android:theme="@android:style/Theme.Translucent.NoTitleBar" >
105-->[com.google.firebase:firebase-auth:21.0.4] AndroidManifest.xml:32:13-72
106            <intent-filter>
106-->[com.google.firebase:firebase-auth:21.0.4] AndroidManifest.xml:33:13-43:29
107                <action android:name="android.intent.action.VIEW" />
107-->[com.facebook.android:facebook-common:13.2.0] AndroidManifest.xml:40:17-69
107-->[com.facebook.android:facebook-common:13.2.0] AndroidManifest.xml:40:25-66
108
109                <category android:name="android.intent.category.DEFAULT" />
109-->[com.facebook.android:facebook-common:13.2.0] AndroidManifest.xml:42:17-76
109-->[com.facebook.android:facebook-common:13.2.0] AndroidManifest.xml:42:27-73
110                <category android:name="android.intent.category.BROWSABLE" />
110-->[com.facebook.android:facebook-common:13.2.0] AndroidManifest.xml:43:17-78
110-->[com.facebook.android:facebook-common:13.2.0] AndroidManifest.xml:43:27-75
111
112                <data
112-->[com.facebook.android:facebook-common:13.2.0] AndroidManifest.xml:45:17-47:50
113                    android:host="firebase.auth"
113-->[com.facebook.android:facebook-common:13.2.0] AndroidManifest.xml:46:21-56
114                    android:path="/"
115                    android:scheme="genericidp" />
115-->[com.facebook.android:facebook-common:13.2.0] AndroidManifest.xml:47:21-47
116            </intent-filter>
117        </activity>
118        <activity
118-->[com.google.firebase:firebase-auth:21.0.4] AndroidManifest.xml:45:9-62:20
119            android:name="com.google.firebase.auth.internal.RecaptchaActivity"
119-->[com.google.firebase:firebase-auth:21.0.4] AndroidManifest.xml:46:13-79
120            android:excludeFromRecents="true"
120-->[com.google.firebase:firebase-auth:21.0.4] AndroidManifest.xml:47:13-46
121            android:exported="true"
121-->[com.google.firebase:firebase-auth:21.0.4] AndroidManifest.xml:48:13-36
122            android:launchMode="singleTask"
122-->[com.google.firebase:firebase-auth:21.0.4] AndroidManifest.xml:49:13-44
123            android:theme="@android:style/Theme.Translucent.NoTitleBar" >
123-->[com.google.firebase:firebase-auth:21.0.4] AndroidManifest.xml:50:13-72
124            <intent-filter>
124-->[com.google.firebase:firebase-auth:21.0.4] AndroidManifest.xml:51:13-61:29
125                <action android:name="android.intent.action.VIEW" />
125-->[com.facebook.android:facebook-common:13.2.0] AndroidManifest.xml:40:17-69
125-->[com.facebook.android:facebook-common:13.2.0] AndroidManifest.xml:40:25-66
126
127                <category android:name="android.intent.category.DEFAULT" />
127-->[com.facebook.android:facebook-common:13.2.0] AndroidManifest.xml:42:17-76
127-->[com.facebook.android:facebook-common:13.2.0] AndroidManifest.xml:42:27-73
128                <category android:name="android.intent.category.BROWSABLE" />
128-->[com.facebook.android:facebook-common:13.2.0] AndroidManifest.xml:43:17-78
128-->[com.facebook.android:facebook-common:13.2.0] AndroidManifest.xml:43:27-75
129
130                <data
130-->[com.facebook.android:facebook-common:13.2.0] AndroidManifest.xml:45:17-47:50
131                    android:host="firebase.auth"
131-->[com.facebook.android:facebook-common:13.2.0] AndroidManifest.xml:46:21-56
132                    android:path="/"
133                    android:scheme="recaptcha" />
133-->[com.facebook.android:facebook-common:13.2.0] AndroidManifest.xml:47:21-47
134            </intent-filter>
135        </activity>
136        <!--
137         The initialization ContentProvider will call FacebookSdk.sdkInitialize automatically
138         with the application context. This config is merged in with the host app's manifest,
139         but there can only be one provider with the same authority activated at any given
140         point; so if the end user has two or more different apps that use Facebook SDK, only the
141         first one will be able to use the provider. To work around this problem, we use the
142         following placeholder in the authority to identify each host application as if it was
143         a completely different provider.
144        -->
145        <provider
145-->[com.facebook.android:facebook-core:13.2.0] AndroidManifest.xml:41:9-44:40
146            android:name="com.facebook.internal.FacebookInitProvider"
146-->[com.facebook.android:facebook-core:13.2.0] AndroidManifest.xml:42:13-70
147            android:authorities="com.fromthefridge.FacebookInitProvider"
147-->[com.facebook.android:facebook-core:13.2.0] AndroidManifest.xml:43:13-72
148            android:exported="false" />
148-->[com.facebook.android:facebook-core:13.2.0] AndroidManifest.xml:44:13-37
149
150        <receiver
150-->[com.facebook.android:facebook-core:13.2.0] AndroidManifest.xml:46:9-52:20
151            android:name="com.facebook.CurrentAccessTokenExpirationBroadcastReceiver"
151-->[com.facebook.android:facebook-core:13.2.0] AndroidManifest.xml:47:13-86
152            android:exported="false" >
152-->[com.facebook.android:facebook-core:13.2.0] AndroidManifest.xml:48:13-37
153            <intent-filter>
153-->[com.facebook.android:facebook-core:13.2.0] AndroidManifest.xml:49:13-51:29
154                <action android:name="com.facebook.sdk.ACTION_CURRENT_ACCESS_TOKEN_CHANGED" />
154-->[com.facebook.android:facebook-core:13.2.0] AndroidManifest.xml:50:17-95
154-->[com.facebook.android:facebook-core:13.2.0] AndroidManifest.xml:50:25-92
155            </intent-filter>
156        </receiver>
157        <receiver
157-->[com.facebook.android:facebook-core:13.2.0] AndroidManifest.xml:53:9-59:20
158            android:name="com.facebook.AuthenticationTokenManager$CurrentAuthenticationTokenChangedBroadcastReceiver"
158-->[com.facebook.android:facebook-core:13.2.0] AndroidManifest.xml:54:13-118
159            android:exported="false" >
159-->[com.facebook.android:facebook-core:13.2.0] AndroidManifest.xml:55:13-37
160            <intent-filter>
160-->[com.facebook.android:facebook-core:13.2.0] AndroidManifest.xml:56:13-58:29
161                <action android:name="com.facebook.sdk.ACTION_CURRENT_AUTHENTICATION_TOKEN_CHANGED" />
161-->[com.facebook.android:facebook-core:13.2.0] AndroidManifest.xml:57:17-103
161-->[com.facebook.android:facebook-core:13.2.0] AndroidManifest.xml:57:25-100
162            </intent-filter>
163        </receiver>
164
165        <activity
165-->[com.google.android.gms:play-services-auth:20.1.0] AndroidManifest.xml:23:9-27:75
166            android:name="com.google.android.gms.auth.api.signin.internal.SignInHubActivity"
166-->[com.google.android.gms:play-services-auth:20.1.0] AndroidManifest.xml:24:13-93
167            android:excludeFromRecents="true"
167-->[com.google.android.gms:play-services-auth:20.1.0] AndroidManifest.xml:25:13-46
168            android:exported="false"
168-->[com.google.android.gms:play-services-auth:20.1.0] AndroidManifest.xml:26:13-37
169            android:theme="@android:style/Theme.Translucent.NoTitleBar" />
169-->[com.google.android.gms:play-services-auth:20.1.0] AndroidManifest.xml:27:13-72
170        <!--
171            Service handling Google Sign-In user revocation. For apps that do not integrate with
172            Google Sign-In, this service will never be started.
173        -->
174        <service
174-->[com.google.android.gms:play-services-auth:20.1.0] AndroidManifest.xml:33:9-37:51
175            android:name="com.google.android.gms.auth.api.signin.RevocationBoundService"
175-->[com.google.android.gms:play-services-auth:20.1.0] AndroidManifest.xml:34:13-89
176            android:exported="true"
176-->[com.google.android.gms:play-services-auth:20.1.0] AndroidManifest.xml:35:13-36
177            android:permission="com.google.android.gms.auth.api.signin.permission.REVOCATION_NOTIFICATION"
177-->[com.google.android.gms:play-services-auth:20.1.0] AndroidManifest.xml:36:13-107
178            android:visibleToInstantApps="true" />
178-->[com.google.android.gms:play-services-auth:20.1.0] AndroidManifest.xml:37:13-48
179
180        <activity
180-->[com.google.android.gms:play-services-base:18.0.1] AndroidManifest.xml:20:9-22:45
181            android:name="com.google.android.gms.common.api.GoogleApiActivity"
181-->[com.google.android.gms:play-services-base:18.0.1] AndroidManifest.xml:20:19-85
182            android:exported="false"
182-->[com.google.android.gms:play-services-base:18.0.1] AndroidManifest.xml:22:19-43
183            android:theme="@android:style/Theme.Translucent.NoTitleBar" />
183-->[com.google.android.gms:play-services-base:18.0.1] AndroidManifest.xml:21:19-78
184
185        <provider
185-->[com.google.firebase:firebase-common:20.1.1] AndroidManifest.xml:26:9-31:39
186            android:name="com.google.firebase.provider.FirebaseInitProvider"
186-->[com.google.firebase:firebase-common:20.1.1] AndroidManifest.xml:27:13-77
187            android:authorities="com.fromthefridge.firebaseinitprovider"
187-->[com.google.firebase:firebase-common:20.1.1] AndroidManifest.xml:28:13-72
188            android:directBootAware="true"
188-->[com.google.firebase:firebase-common:20.1.1] AndroidManifest.xml:29:13-43
189            android:exported="false"
189-->[com.google.firebase:firebase-common:20.1.1] AndroidManifest.xml:30:13-37
190            android:initOrder="100" />
190-->[com.google.firebase:firebase-common:20.1.1] AndroidManifest.xml:31:13-36
191
192        <meta-data
192-->[com.google.android.gms:play-services-basement:18.0.0] AndroidManifest.xml:21:9-23:69
193            android:name="com.google.android.gms.version"
193-->[com.google.android.gms:play-services-basement:18.0.0] AndroidManifest.xml:22:13-58
194            android:value="@integer/google_play_services_version" />
194-->[com.google.android.gms:play-services-basement:18.0.0] AndroidManifest.xml:23:13-66
195    </application>
196
197</manifest>